-outxml
-source
1.6
-target
1.6
-classpath
C:\Users\Dmitriy_Demchuk\.m2\repository\antlr\antlr\2.7.6\antlr-2.7.6.jar;C:\Users\Dmitriy_Demchuk\.m2\repository\aopalliance\aopalliance\1.0\aopalliance-1.0.jar;C:\Users\Dmitriy_Demchuk\.m2\repository\commons-collections\commons-collections\3.1\commons-collections-3.1.jar;C:\Users\Dmitriy_Demchuk\.m2\repository\commons-dbcp\commons-dbcp\1.2.2\commons-dbcp-1.2.2.jar;C:\Users\Dmitriy_Demchuk\.m2\repository\commons-pool\commons-pool\1.3\commons-pool-1.3.jar;C:\Users\Dmitriy_Demchuk\.m2\repository\dom4j\dom4j\1.6.1\dom4j-1.6.1.jar;C:\Users\Dmitriy_Demchuk\.m2\repository\javassist\javassist\3.12.1.GA\javassist-3.12.1.GA.jar;C:\Users\Dmitriy_Demchuk\.m2\repository\javax\inject\javax.inject\1\javax.inject-1.jar;C:\Users\Dmitriy_Demchuk\.m2\repository\javax\servlet\jstl\1.2\jstl-1.2.jar;C:\Users\Dmitriy_Demchuk\.m2\repository\javax\servlet\servlet-api\2.5\servlet-api-2.5.jar;C:\Users\Dmitriy_Demchuk\.m2\repository\javax\servlet\jsp\jsp-api\2.1\jsp-api-2.1.jar;C:\Users\Dmitriy_Demchuk\.m2\repository\javax\transaction\jta\1.1\jta-1.1.jar;C:\Users\Dmitriy_Demchuk\.m2\repository\javax\validation\validation-api\1.0.0.GA\validation-api-1.0.0.GA.jar;C:\Users\Dmitriy_Demchuk\.m2\repository\log4j\log4j\1.2.15\log4j-1.2.15.jar;C:\Users\Dmitriy_Demchuk\.m2\repository\org\aspectj\aspectjrt\1.6.9\aspectjrt-1.6.9.jar;C:\Users\Dmitriy_Demchuk\.m2\repository\org\hibernate\hibernate-commons-annotations\3.2.0.Final\hibernate-commons-annotations-3.2.0.Final.jar;C:\Users\Dmitriy_Demchuk\.m2\repository\org\hibernate\hibernate-core\3.6.0.Final\hibernate-core-3.6.0.Final.jar;C:\Users\Dmitriy_Demchuk\.m2\repository\org\hibernate\hibernate-validator\4.1.0.Final\hibernate-validator-4.1.0.Final.jar;C:\Users\Dmitriy_Demchuk\.m2\repository\org\hibernate\javax\persistence\hibernate-jpa-2.0-api\1.0.0.Final\hibernate-jpa-2.0-api-1.0.0.Final.jar;C:\Users\Dmitriy_Demchuk\.m2\repository\org\slf4j\slf4j-api\1.5.10\slf4j-api-1.5.10.jar;C:\Users\Dmitriy_Demchuk\.m2\repository\org\springframework\spring-aop\3.0.4.RELEASE\spring-aop-3.0.4.RELEASE.jar;C:\Users\Dmitriy_Demchuk\.m2\repository\org\springframework\spring-asm\3.0.4.RELEASE\spring-asm-3.0.4.RELEASE.jar;C:\Users\Dmitriy_Demchuk\.m2\repository\org\springframework\spring-beans\3.0.4.RELEASE\spring-beans-3.0.4.RELEASE.jar;C:\Users\Dmitriy_Demchuk\.m2\repository\org\springframework\spring-context\3.0.4.RELEASE\spring-context-3.0.4.RELEASE.jar;C:\Users\Dmitriy_Demchuk\.m2\repository\org\springframework\spring-context-support\3.0.4.RELEASE\spring-context-support-3.0.4.RELEASE.jar;C:\Users\Dmitriy_Demchuk\.m2\repository\org\springframework\spring-core\3.0.4.RELEASE\spring-core-3.0.4.RELEASE.jar;C:\Users\Dmitriy_Demchuk\.m2\repository\org\springframework\spring-expression\3.0.4.RELEASE\spring-expression-3.0.4.RELEASE.jar;C:\Users\Dmitriy_Demchuk\.m2\repository\org\springframework\spring-jdbc\3.0.4.RELEASE\spring-jdbc-3.0.4.RELEASE.jar;C:\Users\Dmitriy_Demchuk\.m2\repository\org\springframework\spring-orm\3.0.4.RELEASE\spring-orm-3.0.4.RELEASE.jar;C:\Users\Dmitriy_Demchuk\.m2\repository\org\springframework\spring-tx\3.0.4.RELEASE\spring-tx-3.0.4.RELEASE.jar;C:\Users\Dmitriy_Demchuk\.m2\repository\org\springframework\spring-web\3.0.4.RELEASE\spring-web-3.0.4.RELEASE.jar;C:\Users\Dmitriy_Demchuk\.m2\repository\org\springframework\spring-webmvc\3.0.4.RELEASE\spring-webmvc-3.0.4.RELEASE.jar;C:\Users\Dmitriy_Demchuk\.m2\repository\org\springframework\roo\org.springframework.roo.annotations\1.0.2.RELEASE\org.springframework.roo.annotations-1.0.2.RELEASE.jar;D:\projects\eclipse-workspace-2\SeaBattle\target\classes
-d
D:\projects\eclipse-workspace-2\SeaBattle\target\classes
D:\projects\eclipse-workspace-2\SeaBattle\src\main\java\com\multimedia\seabattle\model\beans\Round.java
D:\projects\eclipse-workspace-2\SeaBattle\src\main\java\com\multimedia\seabattle\model\beans\Ship.java
D:\projects\eclipse-workspace-2\SeaBattle\src\main\java\common\utils\StringUtils.java
D:\projects\eclipse-workspace-2\SeaBattle\src\main\java\com\multimedia\seabattle\dao\GenericDAOHibernate.java
D:\projects\eclipse-workspace-2\SeaBattle\src\main\java\com\multimedia\seabattle\service\user\IUserService.java
D:\projects\eclipse-workspace-2\SeaBattle\src\main\java\com\multimedia\seabattle\dao\IGenericDAO.java
D:\projects\eclipse-workspace-2\SeaBattle\src\main\java\com\multimedia\seabattle\model\beans\Game.java
D:\projects\eclipse-workspace-2\SeaBattle\src\main\java\com\multimedia\seabattle\dao\util\HQLPartGenerator.java
D:\projects\eclipse-workspace-2\SeaBattle\src\main\java\com\multimedia\seabattle\service\user\UserServiceImpl.java
D:\projects\eclipse-workspace-2\SeaBattle\src\main\java\com\multimedia\seabattle\controllers\HomeController.java
D:\projects\eclipse-workspace-2\SeaBattle\src\main\java\common\utils\MiscUtils.java
D:\projects\eclipse-workspace-2\SeaBattle\src\main\java\com\multimedia\seabattle\model\beans\Country.java
D:\projects\eclipse-workspace-2\SeaBattle\src\main\java\com\multimedia\seabattle\model\beans\Cell.java
D:\projects\eclipse-workspace-2\SeaBattle\src\main\java\com\multimedia\seabattle\model\beans\User.java
